<?xml version="1.0" encoding="UTF-8"?>
<!-- Generated by org.testng.reporters.JUnitXMLReporter -->
<testsuite ignored="0" hostname="DESKTOP-NKE301C" failures="0" tests="8" name="Form" time="0.111" errors="0" timestamp="2023-02-11T14:24:19 IST">
  <testcase classname="Requestor.BrowserClass" name="@BeforeTest browsers" time="-1.676105659134E9">
    <failure type="org.testng.TestNGException" message="
Parameter &amp;apos;browsername&amp;apos; is required by BeforeTest on method browsers but has not been marked @Optional or defined
in C:\Users\Jaya prakash\eclipse-workspace\Corasia_Testing6\testng.xml">
      <![CDATA[org.testng.TestNGException: 
Parameter 'browsername' is required by BeforeTest on method browsers but has not been marked @Optional or defined
in C:\Users\Jaya prakash\eclipse-workspace\Corasia_Testing6\testng.xml
... Removed 21 stack frames]]>
    </failure>
  </testcase> <!-- @BeforeTest browsers -->
  <testcase classname="Requestor.BrowserClass" name="@BeforeTest login" time="-1.676105659142E9">
    <skipped/>
  </testcase> <!-- @BeforeTest login -->
  <testcase classname="Requestor.BrowserClass" name="@BeforeTest selectform" time="-1.67610565915E9">
    <skipped/>
  </testcase> <!-- @BeforeTest selectform -->
  <testcase classname="Requestor.BrowserClass" name="@BeforeTest selectuserbutton" time="-1.676105659157E9">
    <skipped/>
  </testcase> <!-- @BeforeTest selectuserbutton -->
  <testcase classname="Requestor.BrowserClass" name="@BeforeTest urlrun" time="-1.676105659161E9">
    <skipped/>
  </testcase> <!-- @BeforeTest urlrun -->
  <testcase classname="Requestor.QuickAdd" name="error" time="0.0">
    <skipped/>
  </testcase> <!-- error -->
  <testcase classname="Requestor.QuickAdd" name="reqregion" time="0.0">
    <skipped/>
  </testcase> <!-- reqregion -->
  <testcase classname="Requestor.QuickAdd" name="reopunit" time="0.0">
    <skipped/>
  </testcase> <!-- reopunit -->
  <testcase classname="Requestor.QuickAdd" name="choosefile" time="0.0">
    <skipped/>
  </testcase> <!-- choosefile -->
  <testcase classname="Requestor.QuickAdd" name="suplrinfo" time="0.0">
    <skipped/>
  </testcase> <!-- suplrinfo -->
  <testcase classname="Requestor.QuickAdd" name="contactinfo" time="0.0">
    <skipped/>
  </testcase> <!-- contactinfo -->
  <testcase classname="Requestor.QuickAdd" name="additionalinfo" time="0.0">
    <skipped/>
  </testcase> <!-- additionalinfo -->
  <testcase classname="Requestor.QuickAdd" name="feedexcel" time="0.0">
    <skipped/>
  </testcase> <!-- feedexcel -->
</testsuite> <!-- Form -->
