<?xml version="1.0" encoding="UTF-8"?>
<!-- Generated by org.testng.reporters.JUnitXMLReporter -->
<testsuite hostname="DESKTOP-NKE301C" failures="0" tests="5" name="Test" time="58.526" errors="0" timestamp="21 Feb 2023 12:46:18 GMT">
  <testcase classname="AllMightyPull.allpush" name="urlrun" time="5.952"/>
  <testcase classname="AllMightyPull.allpush" name="login" time="14.881"/>
  <testcase classname="AllMightyPull.allpush" name="selectuserbutton" time="6.059"/>
  <testcase classname="AllMightyPull.allpush" name="typeisdropdown" time="27.388"/>
  <testcase classname="AllMightyPull.allpush" name="typeistextbox" time="2.108"/>
</testsuite> <!-- Test -->
