<?xml version="1.0" encoding="UTF-8"?>
<!-- Generated by org.testng.reporters.JUnitXMLReporter -->
<testsuite hostname="DESKTOP-NKE301C" failures="0" tests="5" name="Test" time="91.858" errors="0" timestamp="22 Feb 2023 07:45:31 GMT">
  <testcase classname="AllMightyPull.allpush" name="urlrun" time="8.994"/>
  <testcase classname="AllMightyPull.allpush" name="login" time="21.029"/>
  <testcase classname="AllMightyPull.allpush" name="selectuserbutton" time="12.668"/>
  <testcase classname="AllMightyPull.allpush" name="typeisdropdown" time="29.319"/>
  <testcase classname="AllMightyPull.allpush" name="typeistextbox" time="11.847"/>
</testsuite> <!-- Test -->
