<?xml version="1.0" encoding="UTF-8"?>
<!-- Generated by org.testng.reporters.JUnitXMLReporter -->
<testsuite hostname="DESKTOP-NKE301C" failures="1" tests="2" name="ECCMA" time="190.519" errors="0" timestamp="31 Jan 2023 06:19:24 GMT">
  <testcase classname="Brokenlink.brokenlinkverify" name="loader" time="187.779"/>
  <testcase classname="Brokenlink.brokenlinkverify" name="feeder" time="0.049">
    <failure type="java.lang.NoClassDefFoundError" message="org/apache/commons/collections4/ListValuedMap">
      <![CDATA[java.lang.NoClassDefFoundError: org/apache/commons/collections4/ListValuedMap
	at Brokenlink.brokenlinkverify.feeder(brokenlinkverify.java:152)
Caused by: java.lang.ClassNotFoundException: org.apache.commons.collections4.ListValuedMap
	at java.base/jdk.internal.loader.BuiltinClassLoader.loadClass(BuiltinClassLoader.java:641)
	at java.base/jdk.internal.loader.ClassLoaders$AppClassLoader.loadClass(ClassLoaders.java:188)
	at java.base/java.lang.ClassLoader.loadClass(ClassLoader.java:520)
	... 25 more
... Removed 24 stack frames]]>
    </failure>
  </testcase> <!-- feeder -->
</testsuite> <!-- ECCMA -->
