<?xml version="1.0" encoding="UTF-8"?>
<testng-results total="5" passed="5" failed="0" skipped="0">
  <reporter-output>
    <line>
      <![CDATA[Selenium runs Automation in chrome for SDM]]>
    </line>
    <line>
      <![CDATA[The Title of the page is Supplier Onboarding - LOGIN ]]>
    </line>
  </reporter-output>
  <suite started-at="2023-02-21T12:45:19Z" name="Suite" finished-at="2023-02-21T12:46:18Z" duration-ms="58526">
    <groups>
    </groups>
    <test started-at="2023-02-21T12:45:19Z" name="Test" finished-at="2023-02-21T12:46:18Z" duration-ms="58526">
      <class name="AllMightyPull.allpush">
        <test-method is-config="true" signature="browsers(java.lang.String)[pri:0, instance:AllMightyPull.allpush@470734c3]" started-at="2023-02-21T18:15:19Z" name="browsers" finished-at="2023-02-21T18:15:21Z" duration-ms="2109" status="PASS">
          <params>
            <param index="0">
              <value>
                <![CDATA[chrome]]>
              </value>
            </param>
          </params>
          <reporter-output>
            <line>
              <![CDATA[Selenium runs Automation in chrome for SDM]]>
            </line>
          </reporter-output>
        </test-method> <!-- browsers -->
        <test-method signature="urlrun()[pri:0, instance:AllMightyPull.allpush@470734c3]" started-at="2023-02-21T18:15:21Z" name="urlrun" finished-at="2023-02-21T18:15:27Z" duration-ms="5952" status="PASS">
          <reporter-output>
            <line>
              <![CDATA[The Title of the page is Supplier Onboarding - LOGIN ]]>
            </line>
          </reporter-output>
        </test-method> <!-- urlrun -->
        <test-method signature="login()[pri:0, instance:AllMightyPull.allpush@470734c3]" started-at="2023-02-21T18:15:27Z" name="login" finished-at="2023-02-21T18:15:42Z" duration-ms="14881" status="PASS">
          <reporter-output>
          </reporter-output>
        </test-method> <!-- login -->
        <test-method signature="selectuserbutton()[pri:0, instance:AllMightyPull.allpush@470734c3]" started-at="2023-02-21T18:15:42Z" name="selectuserbutton" finished-at="2023-02-21T18:15:48Z" duration-ms="6059" status="PASS">
          <reporter-output>
          </reporter-output>
        </test-method> <!-- selectuserbutton -->
        <test-method signature="typeisdropdown()[pri:0, instance:AllMightyPull.allpush@470734c3]" started-at="2023-02-21T18:15:48Z" name="typeisdropdown" finished-at="2023-02-21T18:16:16Z" duration-ms="27388" status="PASS">
          <reporter-output>
          </reporter-output>
        </test-method> <!-- typeisdropdown -->
        <test-method signature="typeistextbox()[pri:0, instance:AllMightyPull.allpush@470734c3]" started-at="2023-02-21T18:16:16Z" name="typeistextbox" finished-at="2023-02-21T18:16:18Z" duration-ms="2108" status="PASS">
          <reporter-output>
          </reporter-output>
        </test-method> <!-- typeistextbox -->
      </class> <!-- AllMightyPull.allpush -->
    </test> <!-- Test -->
  </suite> <!-- Suite -->
</testng-results>
