<?xml version="1.0" encoding="UTF-8"?>
<testng-results total="5" passed="5" failed="0" skipped="0">
  <reporter-output>
    <line>
      <![CDATA[Selenium runs Automation in chrome for SDM]]>
    </line>
    <line>
      <![CDATA[The Title of the page is Supplier Onboarding - LOGIN ]]>
    </line>
  </reporter-output>
  <suite started-at="2023-02-22T07:43:59Z" name="Suite" finished-at="2023-02-22T07:45:31Z" duration-ms="91858">
    <groups>
    </groups>
    <test started-at="2023-02-22T07:43:59Z" name="Test" finished-at="2023-02-22T07:45:31Z" duration-ms="91858">
      <class name="AllMightyPull.allpush">
        <test-method is-config="true" signature="browsers(java.lang.String)[pri:0, instance:AllMightyPull.allpush@76b1e9b8]" started-at="2023-02-22T13:13:59Z" name="browsers" finished-at="2023-02-22T13:14:07Z" duration-ms="7966" status="PASS">
          <params>
            <param index="0">
              <value>
                <![CDATA[chrome]]>
              </value>
            </param>
          </params>
          <reporter-output>
            <line>
              <![CDATA[Selenium runs Automation in chrome for SDM]]>
            </line>
          </reporter-output>
        </test-method> <!-- browsers -->
        <test-method signature="urlrun()[pri:0, instance:AllMightyPull.allpush@76b1e9b8]" started-at="2023-02-22T13:14:07Z" name="urlrun" finished-at="2023-02-22T13:14:16Z" duration-ms="8994" status="PASS">
          <reporter-output>
            <line>
              <![CDATA[The Title of the page is Supplier Onboarding - LOGIN ]]>
            </line>
          </reporter-output>
        </test-method> <!-- urlrun -->
        <test-method signature="login()[pri:0, instance:AllMightyPull.allpush@76b1e9b8]" started-at="2023-02-22T13:14:16Z" name="login" finished-at="2023-02-22T13:14:37Z" duration-ms="21029" status="PASS">
          <reporter-output>
          </reporter-output>
        </test-method> <!-- login -->
        <test-method signature="selectuserbutton()[pri:0, instance:AllMightyPull.allpush@76b1e9b8]" started-at="2023-02-22T13:14:37Z" name="selectuserbutton" finished-at="2023-02-22T13:14:50Z" duration-ms="12668" status="PASS">
          <reporter-output>
          </reporter-output>
        </test-method> <!-- selectuserbutton -->
        <test-method signature="typeisdropdown()[pri:0, instance:AllMightyPull.allpush@76b1e9b8]" started-at="2023-02-22T13:14:50Z" name="typeisdropdown" finished-at="2023-02-22T13:15:19Z" duration-ms="29319" status="PASS">
          <reporter-output>
          </reporter-output>
        </test-method> <!-- typeisdropdown -->
        <test-method signature="typeistextbox()[pri:0, instance:AllMightyPull.allpush@76b1e9b8]" started-at="2023-02-22T13:15:19Z" name="typeistextbox" finished-at="2023-02-22T13:15:31Z" duration-ms="11847" status="PASS">
          <reporter-output>
          </reporter-output>
        </test-method> <!-- typeistextbox -->
      </class> <!-- AllMightyPull.allpush -->
    </test> <!-- Test -->
  </suite> <!-- Suite -->
</testng-results>
